e:\temp\visual studio 2015\projects\a\a\release\a.pch
e:\temp\visual studio 2015\projects\a\a\release\vc140.pdb
e:\temp\visual studio 2015\projects\a\a\release\stdafx.obj
e:\temp\visual studio 2015\projects\a\a\release\title.obj
e:\temp\visual studio 2015\projects\a\a\release\player.obj
e:\temp\visual studio 2015\projects\a\a\release\object.obj
e:\temp\visual studio 2015\projects\a\a\release\game.obj
e:\temp\visual studio 2015\projects\a\a\release\main.obj
e:\temp\visual studio 2015\projects\a\a\release\enemymanager.obj
e:\temp\visual studio 2015\projects\a\a\release\enemy.obj
e:\temp\visual studio 2015\projects\a\a\release\bulletmanager.obj
e:\temp\visual studio 2015\projects\a\a\release\bullet.obj
e:\temp\visual studio 2015\projects\a\release\a.exe
e:\temp\visual studio 2015\projects\a\release\a.ipdb
e:\temp\visual studio 2015\projects\a\release\a.iobj
e:\temp\visual studio 2015\projects\a\release\a.pdb
e:\temp\visual studio 2015\projects\a\a\release\a.tlog\cl.command.1.tlog
e:\temp\visual studio 2015\projects\a\a\release\a.tlog\cl.read.1.tlog
e:\temp\visual studio 2015\projects\a\a\release\a.tlog\cl.write.1.tlog
e:\temp\visual studio 2015\projects\a\a\release\a.tlog\link.command.1.tlog
e:\temp\visual studio 2015\projects\a\a\release\a.tlog\link.read.1.tlog
e:\temp\visual studio 2015\projects\a\a\release\a.tlog\link.write.1.tlog
